<?xml version="1.0" encoding="UTF-8"?>
<!-- Generated by org.testng.reporters.JUnitReportReporter -->
<testsuite skipped="0" hostname="sairam-PC" name="TestNG.addressbook" tests="1" failures="0" timestamp="26 Aug 2018 17:42:00 GMT" time="24.325" errors="0">
  <testcase name="verifylogin" time="24.325" classname="TestNG.addressbook"/>
</testsuite> <!-- TestNG.addressbook -->
